Thu Oct 16 17:57:16 CAT 2014 : Apache Derby Network Server - 10.10.1.3 - (1557168) started and ready to accept connections on port 1527
----------------------------------------------------------------
Thu Oct 16 17:57:16 CAT 2014:
Booting Derby version The Apache Software Foundation - Apache Derby - 10.10.1.3 - (1557168): instance a816c00e-0149-19ad-6d73-000079b02bc3 
on database directory C:\Users\Shimal\Documents\NetBeansProjects\GeoCaching\databases\GeoCachingDB with class loader sun.misc.Launcher$AppClassLoader@1d44bcfa 
Loaded from file:/C:/Program%20Files/Java/jdk1.8.0_11/db/lib/derby.jar
java.vendor=Oracle Corporation
java.runtime.version=1.8.0_11-b12
user.dir=C:\Program Files\Java\jdk1.8.0_11\db
os.name=Windows 8.1
os.arch=amd64
os.version=6.3
derby.system.home=C:\Users\Shimal\Documents\NetBeansProjects\GeoCaching\databases
Database Class Loader started - derby.database.classpath=''
----------------------------------------------------------------
Thu Oct 16 17:57:18 CAT 2014:
Shutting down instance a816c00e-0149-19ad-6d73-000079b02bc3 on database directory C:\Users\Shimal\Documents\NetBeansProjects\GeoCaching\databases\GeoCachingDB with class loader sun.misc.Launcher$AppClassLoader@1d44bcfa 
Thu Oct 16 17:57:18 CAT 2014 Thread[DRDAConnThread_2,5,main] (DATABASE = GeoCachingDB), (DRDAID = {2}), Database 'GeoCachingDB' shutdown.
----------------------------------------------------------------
Thu Oct 16 17:57:22 CAT 2014:
Booting Derby version The Apache Software Foundation - Apache Derby - 10.10.1.3 - (1557168): instance 560740aa-0149-19ad-6d73-000079b02bc3 
on database directory C:\Users\Shimal\Documents\NetBeansProjects\GeoCaching\databases\GeoCachingDB with class loader sun.misc.Launcher$AppClassLoader@1d44bcfa 
Loaded from file:/C:/Program%20Files/Java/jdk1.8.0_11/db/lib/derby.jar
java.vendor=Oracle Corporation
java.runtime.version=1.8.0_11-b12
user.dir=C:\Program Files\Java\jdk1.8.0_11\db
os.name=Windows 8.1
os.arch=amd64
os.version=6.3
derby.system.home=C:\Users\Shimal\Documents\NetBeansProjects\GeoCaching\databases
Database Class Loader started - derby.database.classpath=''
